<?xml version="1.0" encoding="UTF-8"?>
<testng-results ignored="0" total="1" passed="1" failed="0" skipped="0">
  <reporter-output>
  </reporter-output>
  <suite started-at="2025-09-03T15:02:13 IST" name="Surefire suite" finished-at="2025-09-03T15:02:23 IST" duration-ms="9757">
    <groups>
    </groups>
    <test started-at="2025-09-03T15:02:13 IST" name="Surefire test" finished-at="2025-09-03T15:02:23 IST" duration-ms="9757">
      <class name="tests.PurchaseTest">
        <test-method is-config="true" signature="setup()[pri:0, instance:tests.PurchaseTest@25bfcafd]" started-at="2025-09-03T15:02:13 IST" name="setup" finished-at="2025-09-03T15:02:16 IST" duration-ms="2927" status="PASS">
          <reporter-output>
          </reporter-output>
        </test-method> <!-- setup -->
        <test-method signature="testPurchaseFlow()[pri:0, instance:tests.PurchaseTest@25bfcafd]" started-at="2025-09-03T15:02:16 IST" name="testPurchaseFlow" finished-at="2025-09-03T15:02:23 IST" duration-ms="6425" status="PASS">
          <reporter-output>
          </reporter-output>
        </test-method> <!-- testPurchaseFlow -->
        <test-method is-config="true" signature="tearDown()[pri:0, instance:tests.PurchaseTest@25bfcafd]" started-at="2025-09-03T15:02:23 IST" name="tearDown" finished-at="2025-09-03T15:02:23 IST" duration-ms="341" status="PASS">
          <reporter-output>
          </reporter-output>
        </test-method> <!-- tearDown -->
      </class> <!-- tests.PurchaseTest -->
    </test> <!-- Surefire test -->
  </suite> <!-- Surefire suite -->
</testng-results>
